
*** Running vivado
    with args -log VGA_TOP.vds -m64 -product Vivado -mode batch -messageDb vivado.pb -notrace -source VGA_TOP.tcl


****** Vivado v2017.3 (64-bit)
  **** SW Build 2018833 on Wed Oct  4 19:58:07 MDT 2017
  **** IP Build 2016188 on Wed Oct  4 21:52:56 MDT 2017
    ** Copyright 1986-2017 Xilinx, Inc. All Rights Reserved.

source VGA_TOP.tcl -notrace
Command: synth_design -top VGA_TOP -part xc7a100tcsg324-1
Starting synth_design
Attempting to get a license for feature 'Synthesis' and/or device 'xc7a100t'
INFO: [Common 17-349] Got license for feature 'Synthesis' and/or device 'xc7a100t'
INFO: Launching helper process for spawning children vivado processes
INFO: Helper process launched with PID 4612 
WARNING: [Synth 8-2292] literal value truncated to fit in 8 bits [/home/kammce/Documents/University/CMPE127/CMPE127-Toolkit/CMPE127-Toolkit.srcs/sources_1/new/Font.v:1493]
WARNING: [Synth 8-2611] redeclaration of ansi port hsync is not allowed [/home/kammce/Documents/University/CMPE127/CMPE127-Toolkit/CMPE127-Toolkit.srcs/sources_1/new/VGA.v:49]
WARNING: [Synth 8-2611] redeclaration of ansi port vsync is not allowed [/home/kammce/Documents/University/CMPE127/CMPE127-Toolkit/CMPE127-Toolkit.srcs/sources_1/new/VGA.v:49]
WARNING: [Synth 8-976] hsync has already been declared [/home/kammce/Documents/University/CMPE127/CMPE127-Toolkit/CMPE127-Toolkit.srcs/sources_1/new/VGA.v:49]
WARNING: [Synth 8-2654] second declaration of hsync ignored [/home/kammce/Documents/University/CMPE127/CMPE127-Toolkit/CMPE127-Toolkit.srcs/sources_1/new/VGA.v:49]
INFO: [Synth 8-994] hsync is declared here [/home/kammce/Documents/University/CMPE127/CMPE127-Toolkit/CMPE127-Toolkit.srcs/sources_1/new/VGA.v:27]
INFO: [Synth 8-994] vsync is declared here [/home/kammce/Documents/University/CMPE127/CMPE127-Toolkit/CMPE127-Toolkit.srcs/sources_1/new/VGA.v:28]
WARNING: [Synth 8-2507] parameter declaration becomes local in TextModule with formal parameter declaration list [/home/kammce/Documents/University/CMPE127/CMPE127-Toolkit/CMPE127-Toolkit.srcs/sources_1/new/VGA.v:352]
CRITICAL WARNING: [Synth 8-2490] overwriting previous definition of module ColorModule [/home/kammce/Documents/University/CMPE127/CMPE127-Toolkit/CMPE127-Toolkit.srcs/sources_1/new/VGA.v:416]
---------------------------------------------------------------------------------
Starting RTL Elaboration : Time (s): cpu = 00:00:08 ; elapsed = 00:00:09 . Memory (MB): peak = 1245.398 ; gain = 72.277 ; free physical = 2371 ; free virtual = 22756
---------------------------------------------------------------------------------
INFO: [Synth 8-638] synthesizing module 'VGA_TOP' [/home/kammce/Documents/University/CMPE127/CMPE127-Toolkit/CMPE127-Toolkit.srcs/sources_1/new/VGA.v:24]
INFO: [Synth 8-638] synthesizing module 'PixelClock' [/home/kammce/Documents/University/CMPE127/CMPE127-Toolkit/CMPE127-Toolkit.srcs/sources_1/new/VGA.v:431]
	Parameter FREQ_IN bound to: 100000000 - type: integer 
	Parameter FREQ_OUT bound to: 25000000 - type: integer 
	Parameter HOLD_TICK_COUNT bound to: 2 - type: integer 
INFO: [Synth 8-256] done synthesizing module 'PixelClock' (1#1) [/home/kammce/Documents/University/CMPE127/CMPE127-Toolkit/CMPE127-Toolkit.srcs/sources_1/new/VGA.v:431]
INFO: [Synth 8-638] synthesizing module 'VGA' [/home/kammce/Documents/University/CMPE127/CMPE127-Toolkit/CMPE127-Toolkit.srcs/sources_1/new/VGA.v:459]
	Parameter DISPLAY_WIDTH bound to: 639 - type: integer 
	Parameter DISPLAY_HEIGHT bound to: 479 - type: integer 
	Parameter HORIZONTAL_FRONT_PORCH bound to: 16 - type: integer 
	Parameter HORIZONTAL_SYNC_PULSE bound to: 96 - type: integer 
	Parameter HORIZONTAL_BACK_PORCH bound to: 48 - type: integer 
	Parameter VERTICAL_FRONT_PORCH bound to: 11 - type: integer 
	Parameter VERTICAL_SYNC_PULSE bound to: 2 - type: integer 
	Parameter VERTICAL_BACK_PORCH bound to: 31 - type: integer 
WARNING: [Synth 8-6014] Unused sequential element hblank_reg was removed.  [/home/kammce/Documents/University/CMPE127/CMPE127-Toolkit/CMPE127-Toolkit.srcs/sources_1/new/VGA.v:502]
WARNING: [Synth 8-6014] Unused sequential element vblank_reg was removed.  [/home/kammce/Documents/University/CMPE127/CMPE127-Toolkit/CMPE127-Toolkit.srcs/sources_1/new/VGA.v:505]
INFO: [Synth 8-256] done synthesizing module 'VGA' (2#1) [/home/kammce/Documents/University/CMPE127/CMPE127-Toolkit/CMPE127-Toolkit.srcs/sources_1/new/VGA.v:459]
INFO: [Synth 8-638] synthesizing module 'TerminalModule' [/home/kammce/Documents/University/CMPE127/CMPE127-Toolkit/CMPE127-Toolkit.srcs/sources_1/new/VGA.v:264]
INFO: [Synth 8-638] synthesizing module 'FontROM' [/home/kammce/Documents/University/CMPE127/CMPE127-Toolkit/CMPE127-Toolkit.srcs/sources_1/new/Font.v:23]
WARNING: [Synth 8-151] case item 8'b00010000 is unreachable [/home/kammce/Documents/University/CMPE127/CMPE127-Toolkit/CMPE127-Toolkit.srcs/sources_1/new/Font.v:34]
INFO: [Synth 8-155] case statement is not full and has no default [/home/kammce/Documents/University/CMPE127/CMPE127-Toolkit/CMPE127-Toolkit.srcs/sources_1/new/Font.v:34]
INFO: [Synth 8-256] done synthesizing module 'FontROM' (3#1) [/home/kammce/Documents/University/CMPE127/CMPE127-Toolkit/CMPE127-Toolkit.srcs/sources_1/new/Font.v:23]
WARNING: [Synth 8-689] width (32) of port connection 'column' does not match port width (4) of module 'FontROM' [/home/kammce/Documents/University/CMPE127/CMPE127-Toolkit/CMPE127-Toolkit.srcs/sources_1/new/VGA.v:305]
WARNING: [Synth 8-3848] Net character_ram[1][0] in module/entity TerminalModule does not have driver. [/home/kammce/Documents/University/CMPE127/CMPE127-Toolkit/CMPE127-Toolkit.srcs/sources_1/new/VGA.v:273]
WARNING: [Synth 8-3848] Net character_ram[2][0] in module/entity TerminalModule does not have driver. [/home/kammce/Documents/University/CMPE127/CMPE127-Toolkit/CMPE127-Toolkit.srcs/sources_1/new/VGA.v:273]
WARNING: [Synth 8-3848] Net character_ram[3][0] in module/entity TerminalModule does not have driver. [/home/kammce/Documents/University/CMPE127/CMPE127-Toolkit/CMPE127-Toolkit.srcs/sources_1/new/VGA.v:273]
WARNING: [Synth 8-3848] Net character_ram[4][0] in module/entity TerminalModule does not have driver. [/home/kammce/Documents/University/CMPE127/CMPE127-Toolkit/CMPE127-Toolkit.srcs/sources_1/new/VGA.v:273]
WARNING: [Synth 8-3848] Net character_ram[5][0] in module/entity TerminalModule does not have driver. [/home/kammce/Documents/University/CMPE127/CMPE127-Toolkit/CMPE127-Toolkit.srcs/sources_1/new/VGA.v:273]
WARNING: [Synth 8-3848] Net character_ram[6][0] in module/entity TerminalModule does not have driver. [/home/kammce/Documents/University/CMPE127/CMPE127-Toolkit/CMPE127-Toolkit.srcs/sources_1/new/VGA.v:273]
WARNING: [Synth 8-3848] Net character_ram[7][0] in module/entity TerminalModule does not have driver. [/home/kammce/Documents/University/CMPE127/CMPE127-Toolkit/CMPE127-Toolkit.srcs/sources_1/new/VGA.v:273]
WARNING: [Synth 8-3848] Net character_ram[8][0] in module/entity TerminalModule does not have driver. [/home/kammce/Documents/University/CMPE127/CMPE127-Toolkit/CMPE127-Toolkit.srcs/sources_1/new/VGA.v:273]
WARNING: [Synth 8-3848] Net character_ram[9][0] in module/entity TerminalModule does not have driver. [/home/kammce/Documents/University/CMPE127/CMPE127-Toolkit/CMPE127-Toolkit.srcs/sources_1/new/VGA.v:273]
WARNING: [Synth 8-3848] Net character_ram[10][0] in module/entity TerminalModule does not have driver. [/home/kammce/Documents/University/CMPE127/CMPE127-Toolkit/CMPE127-Toolkit.srcs/sources_1/new/VGA.v:273]
WARNING: [Synth 8-3848] Net character_ram[11][0] in module/entity TerminalModule does not have driver. [/home/kammce/Documents/University/CMPE127/CMPE127-Toolkit/CMPE127-Toolkit.srcs/sources_1/new/VGA.v:273]
WARNING: [Synth 8-3848] Net character_ram[12][0] in module/entity TerminalModule does not have driver. [/home/kammce/Documents/University/CMPE127/CMPE127-Toolkit/CMPE127-Toolkit.srcs/sources_1/new/VGA.v:273]
WARNING: [Synth 8-3848] Net character_ram[13][0] in module/entity TerminalModule does not have driver. [/home/kammce/Documents/University/CMPE127/CMPE127-Toolkit/CMPE127-Toolkit.srcs/sources_1/new/VGA.v:273]
WARNING: [Synth 8-3848] Net character_ram[14][0] in module/entity TerminalModule does not have driver. [/home/kammce/Documents/University/CMPE127/CMPE127-Toolkit/CMPE127-Toolkit.srcs/sources_1/new/VGA.v:273]
WARNING: [Synth 8-3848] Net character_ram[15][0] in module/entity TerminalModule does not have driver. [/home/kammce/Documents/University/CMPE127/CMPE127-Toolkit/CMPE127-Toolkit.srcs/sources_1/new/VGA.v:273]
WARNING: [Synth 8-3848] Net character_ram[16][0] in module/entity TerminalModule does not have driver. [/home/kammce/Documents/University/CMPE127/CMPE127-Toolkit/CMPE127-Toolkit.srcs/sources_1/new/VGA.v:273]
WARNING: [Synth 8-3848] Net character_ram[17][0] in module/entity TerminalModule does not have driver. [/home/kammce/Documents/University/CMPE127/CMPE127-Toolkit/CMPE127-Toolkit.srcs/sources_1/new/VGA.v:273]
WARNING: [Synth 8-3848] Net character_ram[18][0] in module/entity TerminalModule does not have driver. [/home/kammce/Documents/University/CMPE127/CMPE127-Toolkit/CMPE127-Toolkit.srcs/sources_1/new/VGA.v:273]
WARNING: [Synth 8-3848] Net character_ram[19][0] in module/entity TerminalModule does not have driver. [/home/kammce/Documents/University/CMPE127/CMPE127-Toolkit/CMPE127-Toolkit.srcs/sources_1/new/VGA.v:273]
WARNING: [Synth 8-3848] Net character_ram[20][0] in module/entity TerminalModule does not have driver. [/home/kammce/Documents/University/CMPE127/CMPE127-Toolkit/CMPE127-Toolkit.srcs/sources_1/new/VGA.v:273]
WARNING: [Synth 8-3848] Net character_ram[21][0] in module/entity TerminalModule does not have driver. [/home/kammce/Documents/University/CMPE127/CMPE127-Toolkit/CMPE127-Toolkit.srcs/sources_1/new/VGA.v:273]
WARNING: [Synth 8-3848] Net character_ram[22][0] in module/entity TerminalModule does not have driver. [/home/kammce/Documents/University/CMPE127/CMPE127-Toolkit/CMPE127-Toolkit.srcs/sources_1/new/VGA.v:273]
WARNING: [Synth 8-3848] Net character_ram[23][0] in module/entity TerminalModule does not have driver. [/home/kammce/Documents/University/CMPE127/CMPE127-Toolkit/CMPE127-Toolkit.srcs/sources_1/new/VGA.v:273]
WARNING: [Synth 8-3848] Net character_ram[24][0] in module/entity TerminalModule does not have driver. [/home/kammce/Documents/University/CMPE127/CMPE127-Toolkit/CMPE127-Toolkit.srcs/sources_1/new/VGA.v:273]
WARNING: [Synth 8-3848] Net character_ram[25][0] in module/entity TerminalModule does not have driver. [/home/kammce/Documents/University/CMPE127/CMPE127-Toolkit/CMPE127-Toolkit.srcs/sources_1/new/VGA.v:273]
WARNING: [Synth 8-3848] Net character_ram[26][0] in module/entity TerminalModule does not have driver. [/home/kammce/Documents/University/CMPE127/CMPE127-Toolkit/CMPE127-Toolkit.srcs/sources_1/new/VGA.v:273]
WARNING: [Synth 8-3848] Net character_ram[27][0] in module/entity TerminalModule does not have driver. [/home/kammce/Documents/University/CMPE127/CMPE127-Toolkit/CMPE127-Toolkit.srcs/sources_1/new/VGA.v:273]
WARNING: [Synth 8-3848] Net character_ram[28][0] in module/entity TerminalModule does not have driver. [/home/kammce/Documents/University/CMPE127/CMPE127-Toolkit/CMPE127-Toolkit.srcs/sources_1/new/VGA.v:273]
WARNING: [Synth 8-3848] Net character_ram[29][0] in module/entity TerminalModule does not have driver. [/home/kammce/Documents/University/CMPE127/CMPE127-Toolkit/CMPE127-Toolkit.srcs/sources_1/new/VGA.v:273]
WARNING: [Synth 8-3848] Net character_ram[30][0] in module/entity TerminalModule does not have driver. [/home/kammce/Documents/University/CMPE127/CMPE127-Toolkit/CMPE127-Toolkit.srcs/sources_1/new/VGA.v:273]
WARNING: [Synth 8-3848] Net character_ram[31][0] in module/entity TerminalModule does not have driver. [/home/kammce/Documents/University/CMPE127/CMPE127-Toolkit/CMPE127-Toolkit.srcs/sources_1/new/VGA.v:273]
WARNING: [Synth 8-3848] Net character_ram[32][0] in module/entity TerminalModule does not have driver. [/home/kammce/Documents/University/CMPE127/CMPE127-Toolkit/CMPE127-Toolkit.srcs/sources_1/new/VGA.v:273]
WARNING: [Synth 8-3848] Net character_ram[33][0] in module/entity TerminalModule does not have driver. [/home/kammce/Documents/University/CMPE127/CMPE127-Toolkit/CMPE127-Toolkit.srcs/sources_1/new/VGA.v:273]
WARNING: [Synth 8-3848] Net character_ram[34][0] in module/entity TerminalModule does not have driver. [/home/kammce/Documents/University/CMPE127/CMPE127-Toolkit/CMPE127-Toolkit.srcs/sources_1/new/VGA.v:273]
WARNING: [Synth 8-3848] Net character_ram[35][0] in module/entity TerminalModule does not have driver. [/home/kammce/Documents/University/CMPE127/CMPE127-Toolkit/CMPE127-Toolkit.srcs/sources_1/new/VGA.v:273]
WARNING: [Synth 8-3848] Net character_ram[36][0] in module/entity TerminalModule does not have driver. [/home/kammce/Documents/University/CMPE127/CMPE127-Toolkit/CMPE127-Toolkit.srcs/sources_1/new/VGA.v:273]
WARNING: [Synth 8-3848] Net character_ram[37][0] in module/entity TerminalModule does not have driver. [/home/kammce/Documents/University/CMPE127/CMPE127-Toolkit/CMPE127-Toolkit.srcs/sources_1/new/VGA.v:273]
WARNING: [Synth 8-3848] Net character_ram[38][0] in module/entity TerminalModule does not have driver. [/home/kammce/Documents/University/CMPE127/CMPE127-Toolkit/CMPE127-Toolkit.srcs/sources_1/new/VGA.v:273]
WARNING: [Synth 8-3848] Net character_ram[39][0] in module/entity TerminalModule does not have driver. [/home/kammce/Documents/University/CMPE127/CMPE127-Toolkit/CMPE127-Toolkit.srcs/sources_1/new/VGA.v:273]
WARNING: [Synth 8-3848] Net character_ram[40][0] in module/entity TerminalModule does not have driver. [/home/kammce/Documents/University/CMPE127/CMPE127-Toolkit/CMPE127-Toolkit.srcs/sources_1/new/VGA.v:273]
WARNING: [Synth 8-3848] Net character_ram[41][0] in module/entity TerminalModule does not have driver. [/home/kammce/Documents/University/CMPE127/CMPE127-Toolkit/CMPE127-Toolkit.srcs/sources_1/new/VGA.v:273]
WARNING: [Synth 8-3848] Net character_ram[42][0] in module/entity TerminalModule does not have driver. [/home/kammce/Documents/University/CMPE127/CMPE127-Toolkit/CMPE127-Toolkit.srcs/sources_1/new/VGA.v:273]
WARNING: [Synth 8-3848] Net character_ram[43][0] in module/entity TerminalModule does not have driver. [/home/kammce/Documents/University/CMPE127/CMPE127-Toolkit/CMPE127-Toolkit.srcs/sources_1/new/VGA.v:273]
WARNING: [Synth 8-3848] Net character_ram[44][0] in module/entity TerminalModule does not have driver. [/home/kammce/Documents/University/CMPE127/CMPE127-Toolkit/CMPE127-Toolkit.srcs/sources_1/new/VGA.v:273]
WARNING: [Synth 8-3848] Net character_ram[45][0] in module/entity TerminalModule does not have driver. [/home/kammce/Documents/University/CMPE127/CMPE127-Toolkit/CMPE127-Toolkit.srcs/sources_1/new/VGA.v:273]
WARNING: [Synth 8-3848] Net character_ram[46][0] in module/entity TerminalModule does not have driver. [/home/kammce/Documents/University/CMPE127/CMPE127-Toolkit/CMPE127-Toolkit.srcs/sources_1/new/VGA.v:273]
WARNING: [Synth 8-3848] Net character_ram[47][0] in module/entity TerminalModule does not have driver. [/home/kammce/Documents/University/CMPE127/CMPE127-Toolkit/CMPE127-Toolkit.srcs/sources_1/new/VGA.v:273]
WARNING: [Synth 8-3848] Net character_ram[48][0] in module/entity TerminalModule does not have driver. [/home/kammce/Documents/University/CMPE127/CMPE127-Toolkit/CMPE127-Toolkit.srcs/sources_1/new/VGA.v:273]
WARNING: [Synth 8-3848] Net character_ram[49][0] in module/entity TerminalModule does not have driver. [/home/kammce/Documents/University/CMPE127/CMPE127-Toolkit/CMPE127-Toolkit.srcs/sources_1/new/VGA.v:273]
WARNING: [Synth 8-3848] Net character_ram[50][0] in module/entity TerminalModule does not have driver. [/home/kammce/Documents/University/CMPE127/CMPE127-Toolkit/CMPE127-Toolkit.srcs/sources_1/new/VGA.v:273]
WARNING: [Synth 8-3848] Net character_ram[51][0] in module/entity TerminalModule does not have driver. [/home/kammce/Documents/University/CMPE127/CMPE127-Toolkit/CMPE127-Toolkit.srcs/sources_1/new/VGA.v:273]
WARNING: [Synth 8-3848] Net character_ram[52][0] in module/entity TerminalModule does not have driver. [/home/kammce/Documents/University/CMPE127/CMPE127-Toolkit/CMPE127-Toolkit.srcs/sources_1/new/VGA.v:273]
WARNING: [Synth 8-3848] Net character_ram[53][0] in module/entity TerminalModule does not have driver. [/home/kammce/Documents/University/CMPE127/CMPE127-Toolkit/CMPE127-Toolkit.srcs/sources_1/new/VGA.v:273]
WARNING: [Synth 8-3848] Net character_ram[54][0] in module/entity TerminalModule does not have driver. [/home/kammce/Documents/University/CMPE127/CMPE127-Toolkit/CMPE127-Toolkit.srcs/sources_1/new/VGA.v:273]
WARNING: [Synth 8-3848] Net character_ram[55][0] in module/entity TerminalModule does not have driver. [/home/kammce/Documents/University/CMPE127/CMPE127-Toolkit/CMPE127-Toolkit.srcs/sources_1/new/VGA.v:273]
WARNING: [Synth 8-3848] Net character_ram[56][0] in module/entity TerminalModule does not have driver. [/home/kammce/Documents/University/CMPE127/CMPE127-Toolkit/CMPE127-Toolkit.srcs/sources_1/new/VGA.v:273]
WARNING: [Synth 8-3848] Net character_ram[57][0] in module/entity TerminalModule does not have driver. [/home/kammce/Documents/University/CMPE127/CMPE127-Toolkit/CMPE127-Toolkit.srcs/sources_1/new/VGA.v:273]
WARNING: [Synth 8-3848] Net character_ram[58][0] in module/entity TerminalModule does not have driver. [/home/kammce/Documents/University/CMPE127/CMPE127-Toolkit/CMPE127-Toolkit.srcs/sources_1/new/VGA.v:273]
WARNING: [Synth 8-3848] Net character_ram[59][0] in module/entity TerminalModule does not have driver. [/home/kammce/Documents/University/CMPE127/CMPE127-Toolkit/CMPE127-Toolkit.srcs/sources_1/new/VGA.v:273]
WARNING: [Synth 8-3848] Net character_ram[60][0] in module/entity TerminalModule does not have driver. [/home/kammce/Documents/University/CMPE127/CMPE127-Toolkit/CMPE127-Toolkit.srcs/sources_1/new/VGA.v:273]
WARNING: [Synth 8-3848] Net character_ram[61][0] in module/entity TerminalModule does not have driver. [/home/kammce/Documents/University/CMPE127/CMPE127-Toolkit/CMPE127-Toolkit.srcs/sources_1/new/VGA.v:273]
WARNING: [Synth 8-3848] Net character_ram[62][0] in module/entity TerminalModule does not have driver. [/home/kammce/Documents/University/CMPE127/CMPE127-Toolkit/CMPE127-Toolkit.srcs/sources_1/new/VGA.v:273]
WARNING: [Synth 8-3848] Net character_ram[63][0] in module/entity TerminalModule does not have driver. [/home/kammce/Documents/University/CMPE127/CMPE127-Toolkit/CMPE127-Toolkit.srcs/sources_1/new/VGA.v:273]
WARNING: [Synth 8-3848] Net character_ram[64][0] in module/entity TerminalModule does not have driver. [/home/kammce/Documents/University/CMPE127/CMPE127-Toolkit/CMPE127-Toolkit.srcs/sources_1/new/VGA.v:273]
WARNING: [Synth 8-3848] Net character_ram[65][0] in module/entity TerminalModule does not have driver. [/home/kammce/Documents/University/CMPE127/CMPE127-Toolkit/CMPE127-Toolkit.srcs/sources_1/new/VGA.v:273]
WARNING: [Synth 8-3848] Net character_ram[66][0] in module/entity TerminalModule does not have driver. [/home/kammce/Documents/University/CMPE127/CMPE127-Toolkit/CMPE127-Toolkit.srcs/sources_1/new/VGA.v:273]
WARNING: [Synth 8-3848] Net character_ram[67][0] in module/entity TerminalModule does not have driver. [/home/kammce/Documents/University/CMPE127/CMPE127-Toolkit/CMPE127-Toolkit.srcs/sources_1/new/VGA.v:273]
WARNING: [Synth 8-3848] Net character_ram[68][0] in module/entity TerminalModule does not have driver. [/home/kammce/Documents/University/CMPE127/CMPE127-Toolkit/CMPE127-Toolkit.srcs/sources_1/new/VGA.v:273]
WARNING: [Synth 8-3848] Net character_ram[69][0] in module/entity TerminalModule does not have driver. [/home/kammce/Documents/University/CMPE127/CMPE127-Toolkit/CMPE127-Toolkit.srcs/sources_1/new/VGA.v:273]
WARNING: [Synth 8-3848] Net character_ram[70][0] in module/entity TerminalModule does not have driver. [/home/kammce/Documents/University/CMPE127/CMPE127-Toolkit/CMPE127-Toolkit.srcs/sources_1/new/VGA.v:273]
WARNING: [Synth 8-3848] Net character_ram[71][0] in module/entity TerminalModule does not have driver. [/home/kammce/Documents/University/CMPE127/CMPE127-Toolkit/CMPE127-Toolkit.srcs/sources_1/new/VGA.v:273]
WARNING: [Synth 8-3848] Net character_ram[72][0] in module/entity TerminalModule does not have driver. [/home/kammce/Documents/University/CMPE127/CMPE127-Toolkit/CMPE127-Toolkit.srcs/sources_1/new/VGA.v:273]
WARNING: [Synth 8-3848] Net character_ram[73][0] in module/entity TerminalModule does not have driver. [/home/kammce/Documents/University/CMPE127/CMPE127-Toolkit/CMPE127-Toolkit.srcs/sources_1/new/VGA.v:273]
WARNING: [Synth 8-3848] Net character_ram[74][0] in module/entity TerminalModule does not have driver. [/home/kammce/Documents/University/CMPE127/CMPE127-Toolkit/CMPE127-Toolkit.srcs/sources_1/new/VGA.v:273]
WARNING: [Synth 8-3848] Net character_ram[75][0] in module/entity TerminalModule does not have driver. [/home/kammce/Documents/University/CMPE127/CMPE127-Toolkit/CMPE127-Toolkit.srcs/sources_1/new/VGA.v:273]
WARNING: [Synth 8-3848] Net character_ram[76][0] in module/entity TerminalModule does not have driver. [/home/kammce/Documents/University/CMPE127/CMPE127-Toolkit/CMPE127-Toolkit.srcs/sources_1/new/VGA.v:273]
WARNING: [Synth 8-3848] Net character_ram[77][0] in module/entity TerminalModule does not have driver. [/home/kammce/Documents/University/CMPE127/CMPE127-Toolkit/CMPE127-Toolkit.srcs/sources_1/new/VGA.v:273]
WARNING: [Synth 8-3848] Net character_ram[78][0] in module/entity TerminalModule does not have driver. [/home/kammce/Documents/University/CMPE127/CMPE127-Toolkit/CMPE127-Toolkit.srcs/sources_1/new/VGA.v:273]
WARNING: [Synth 8-3848] Net character_ram[79][0] in module/entity TerminalModule does not have driver. [/home/kammce/Documents/University/CMPE127/CMPE127-Toolkit/CMPE127-Toolkit.srcs/sources_1/new/VGA.v:273]
WARNING: [Synth 8-3848] Net character_ram[80][0] in module/entity TerminalModule does not have driver. [/home/kammce/Documents/University/CMPE127/CMPE127-Toolkit/CMPE127-Toolkit.srcs/sources_1/new/VGA.v:273]
WARNING: [Synth 8-3848] Net character_ram[1][1] in module/entity TerminalModule does not have driver. [/home/kammce/Documents/University/CMPE127/CMPE127-Toolkit/CMPE127-Toolkit.srcs/sources_1/new/VGA.v:273]
WARNING: [Synth 8-3848] Net character_ram[2][1] in module/entity TerminalModule does not have driver. [/home/kammce/Documents/University/CMPE127/CMPE127-Toolkit/CMPE127-Toolkit.srcs/sources_1/new/VGA.v:273]
WARNING: [Synth 8-3848] Net character_ram[3][1] in module/entity TerminalModule does not have driver. [/home/kammce/Documents/University/CMPE127/CMPE127-Toolkit/CMPE127-Toolkit.srcs/sources_1/new/VGA.v:273]
WARNING: [Synth 8-3848] Net character_ram[4][1] in module/entity TerminalModule does not have driver. [/home/kammce/Documents/University/CMPE127/CMPE127-Toolkit/CMPE127-Toolkit.srcs/sources_1/new/VGA.v:273]
WARNING: [Synth 8-3848] Net character_ram[5][1] in module/entity TerminalModule does not have driver. [/home/kammce/Documents/University/CMPE127/CMPE127-Toolkit/CMPE127-Toolkit.srcs/sources_1/new/VGA.v:273]
WARNING: [Synth 8-3848] Net character_ram[6][1] in module/entity TerminalModule does not have driver. [/home/kammce/Documents/University/CMPE127/CMPE127-Toolkit/CMPE127-Toolkit.srcs/sources_1/new/VGA.v:273]
WARNING: [Synth 8-3848] Net character_ram[7][1] in module/entity TerminalModule does not have driver. [/home/kammce/Documents/University/CMPE127/CMPE127-Toolkit/CMPE127-Toolkit.srcs/sources_1/new/VGA.v:273]
WARNING: [Synth 8-3848] Net character_ram[8][1] in module/entity TerminalModule does not have driver. [/home/kammce/Documents/University/CMPE127/CMPE127-Toolkit/CMPE127-Toolkit.srcs/sources_1/new/VGA.v:273]
WARNING: [Synth 8-3848] Net character_ram[9][1] in module/entity TerminalModule does not have driver. [/home/kammce/Documents/University/CMPE127/CMPE127-Toolkit/CMPE127-Toolkit.srcs/sources_1/new/VGA.v:273]
WARNING: [Synth 8-3848] Net character_ram[10][1] in module/entity TerminalModule does not have driver. [/home/kammce/Documents/University/CMPE127/CMPE127-Toolkit/CMPE127-Toolkit.srcs/sources_1/new/VGA.v:273]
WARNING: [Synth 8-3848] Net character_ram[11][1] in module/entity TerminalModule does not have driver. [/home/kammce/Documents/University/CMPE127/CMPE127-Toolkit/CMPE127-Toolkit.srcs/sources_1/new/VGA.v:273]
WARNING: [Synth 8-3848] Net character_ram[12][1] in module/entity TerminalModule does not have driver. [/home/kammce/Documents/University/CMPE127/CMPE127-Toolkit/CMPE127-Toolkit.srcs/sources_1/new/VGA.v:273]
WARNING: [Synth 8-3848] Net character_ram[13][1] in module/entity TerminalModule does not have driver. [/home/kammce/Documents/University/CMPE127/CMPE127-Toolkit/CMPE127-Toolkit.srcs/sources_1/new/VGA.v:273]
WARNING: [Synth 8-3848] Net character_ram[14][1] in module/entity TerminalModule does not have driver. [/home/kammce/Documents/University/CMPE127/CMPE127-Toolkit/CMPE127-Toolkit.srcs/sources_1/new/VGA.v:273]
WARNING: [Synth 8-3848] Net character_ram[15][1] in module/entity TerminalModule does not have driver. [/home/kammce/Documents/University/CMPE127/CMPE127-Toolkit/CMPE127-Toolkit.srcs/sources_1/new/VGA.v:273]
WARNING: [Synth 8-3848] Net character_ram[16][1] in module/entity TerminalModule does not have driver. [/home/kammce/Documents/University/CMPE127/CMPE127-Toolkit/CMPE127-Toolkit.srcs/sources_1/new/VGA.v:273]
WARNING: [Synth 8-3848] Net character_ram[17][1] in module/entity TerminalModule does not have driver. [/home/kammce/Documents/University/CMPE127/CMPE127-Toolkit/CMPE127-Toolkit.srcs/sources_1/new/VGA.v:273]
WARNING: [Synth 8-3848] Net character_ram[18][1] in module/entity TerminalModule does not have driver. [/home/kammce/Documents/University/CMPE127/CMPE127-Toolkit/CMPE127-Toolkit.srcs/sources_1/new/VGA.v:273]
WARNING: [Synth 8-3848] Net character_ram[19][1] in module/entity TerminalModule does not have driver. [/home/kammce/Documents/University/CMPE127/CMPE127-Toolkit/CMPE127-Toolkit.srcs/sources_1/new/VGA.v:273]
WARNING: [Synth 8-3848] Net character_ram[20][1] in module/entity TerminalModule does not have driver. [/home/kammce/Documents/University/CMPE127/CMPE127-Toolkit/CMPE127-Toolkit.srcs/sources_1/new/VGA.v:273]
INFO: [Common 17-14] Message 'Synth 8-3848' appears 100 times and further instances of the messages will be disabled. Use the Tcl command set_msg_config to change the current settings.
INFO: [Synth 8-256] done synthesizing module 'TerminalModule' (4#1) [/home/kammce/Documents/University/CMPE127/CMPE127-Toolkit/CMPE127-Toolkit.srcs/sources_1/new/VGA.v:264]
WARNING: [Synth 8-6014] Unused sequential element count_reg[0] was removed.  [/home/kammce/Documents/University/CMPE127/CMPE127-Toolkit/CMPE127-Toolkit.srcs/sources_1/new/VGA.v:220]
WARNING: [Synth 8-6014] Unused sequential element count_reg[1] was removed.  [/home/kammce/Documents/University/CMPE127/CMPE127-Toolkit/CMPE127-Toolkit.srcs/sources_1/new/VGA.v:220]
WARNING: [Synth 8-6014] Unused sequential element count_reg[2] was removed.  [/home/kammce/Documents/University/CMPE127/CMPE127-Toolkit/CMPE127-Toolkit.srcs/sources_1/new/VGA.v:220]
WARNING: [Synth 8-6014] Unused sequential element count_reg[3] was removed.  [/home/kammce/Documents/University/CMPE127/CMPE127-Toolkit/CMPE127-Toolkit.srcs/sources_1/new/VGA.v:220]
WARNING: [Synth 8-6014] Unused sequential element count_reg[4] was removed.  [/home/kammce/Documents/University/CMPE127/CMPE127-Toolkit/CMPE127-Toolkit.srcs/sources_1/new/VGA.v:220]
WARNING: [Synth 8-6014] Unused sequential element count_reg[5] was removed.  [/home/kammce/Documents/University/CMPE127/CMPE127-Toolkit/CMPE127-Toolkit.srcs/sources_1/new/VGA.v:220]
WARNING: [Synth 8-6014] Unused sequential element count_reg[6] was removed.  [/home/kammce/Documents/University/CMPE127/CMPE127-Toolkit/CMPE127-Toolkit.srcs/sources_1/new/VGA.v:220]
WARNING: [Synth 8-6014] Unused sequential element count_reg[7] was removed.  [/home/kammce/Documents/University/CMPE127/CMPE127-Toolkit/CMPE127-Toolkit.srcs/sources_1/new/VGA.v:220]
WARNING: [Synth 8-6014] Unused sequential element count_reg[8] was removed.  [/home/kammce/Documents/University/CMPE127/CMPE127-Toolkit/CMPE127-Toolkit.srcs/sources_1/new/VGA.v:220]
WARNING: [Synth 8-6014] Unused sequential element count_reg[9] was removed.  [/home/kammce/Documents/University/CMPE127/CMPE127-Toolkit/CMPE127-Toolkit.srcs/sources_1/new/VGA.v:220]
WARNING: [Synth 8-6014] Unused sequential element count_reg[10] was removed.  [/home/kammce/Documents/University/CMPE127/CMPE127-Toolkit/CMPE127-Toolkit.srcs/sources_1/new/VGA.v:220]
INFO: [Synth 8-256] done synthesizing module 'VGA_TOP' (5#1) [/home/kammce/Documents/University/CMPE127/CMPE127-Toolkit/CMPE127-Toolkit.srcs/sources_1/new/VGA.v:24]
---------------------------------------------------------------------------------
Finished RTL Elaboration : Time (s): cpu = 00:00:09 ; elapsed = 00:00:10 . Memory (MB): peak = 1292.648 ; gain = 119.527 ; free physical = 2375 ; free virtual = 22761
---------------------------------------------------------------------------------

Report Check Netlist: 
+------+------------------+-------+---------+-------+------------------+
|      |Item              |Errors |Warnings |Status |Description       |
+------+------------------+-------+---------+-------+------------------+
|1     |multi_driven_nets |      0|        0|Passed |Multi driven nets |
+------+------------------+-------+---------+-------+------------------+
---------------------------------------------------------------------------------
Finished RTL Optimization Phase 1 : Time (s): cpu = 00:00:10 ; elapsed = 00:00:11 . Memory (MB): peak = 1292.648 ; gain = 119.527 ; free physical = 2380 ; free virtual = 22766
---------------------------------------------------------------------------------
INFO: [Device 21-403] Loading part xc7a100tcsg324-1
INFO: [Project 1-570] Preparing netlist for logic optimization

Processing XDC Constraints
Initializing timing engine
Parsing XDC File [/home/kammce/Documents/University/CMPE127/CMPE127-Toolkit/CMPE127-Toolkit.srcs/constrs_1/new/Motherboard.xdc]
Finished Parsing XDC File [/home/kammce/Documents/University/CMPE127/CMPE127-Toolkit/CMPE127-Toolkit.srcs/constrs_1/new/Motherboard.xdc]
INFO: [Project 1-236] Implementation specific constraints were found while reading constraint file [/home/kammce/Documents/University/CMPE127/CMPE127-Toolkit/CMPE127-Toolkit.srcs/constrs_1/new/Motherboard.xdc]. These constraints will be ignored for synthesis but will be used in implementation. Impacted constraints are listed in the file [.Xil/VGA_TOP_propImpl.xdc].
Resolution: To avoid this warning, move constraints listed in [.Xil/VGA_TOP_propImpl.xdc] to another XDC file and exclude this new file from synthesis with the used_in_synthesis property (File Properties dialog in GUI) and re-run elaboration/synthesis.
Completed Processing XDC Constraints

INFO: [Project 1-111] Unisim Transformation Summary:
No Unisim elements were transformed.

Constraint Validation Runtime : Time (s): cpu = 00:00:00 ; elapsed = 00:00:00 . Memory (MB): peak = 1633.211 ; gain = 0.000 ; free physical = 2107 ; free virtual = 22482
---------------------------------------------------------------------------------
Finished Constraint Validation : Time (s): cpu = 00:00:26 ; elapsed = 00:00:39 . Memory (MB): peak = 1633.211 ; gain = 460.090 ; free physical = 2201 ; free virtual = 22576
---------------------------------------------------------------------------------
---------------------------------------------------------------------------------
Start Loading Part and Timing Information
---------------------------------------------------------------------------------
Loading part: xc7a100tcsg324-1
---------------------------------------------------------------------------------
Finished Loading Part and Timing Information : Time (s): cpu = 00:00:26 ; elapsed = 00:00:39 . Memory (MB): peak = 1633.211 ; gain = 460.090 ; free physical = 2201 ; free virtual = 22576
---------------------------------------------------------------------------------
---------------------------------------------------------------------------------
Start Applying 'set_property' XDC Constraints
---------------------------------------------------------------------------------
---------------------------------------------------------------------------------
Finished applying 'set_property' XDC Constraints : Time (s): cpu = 00:00:26 ; elapsed = 00:00:39 . Memory (MB): peak = 1633.211 ; gain = 460.090 ; free physical = 2203 ; free virtual = 22578
---------------------------------------------------------------------------------
WARNING: [Synth 8-6014] Unused sequential element count_reg was removed.  [/home/kammce/Documents/University/CMPE127/CMPE127-Toolkit/CMPE127-Toolkit.srcs/sources_1/new/VGA.v:446]
WARNING: [Synth 8-6014] Unused sequential element hcount_reg was removed.  [/home/kammce/Documents/University/CMPE127/CMPE127-Toolkit/CMPE127-Toolkit.srcs/sources_1/new/VGA.v:487]
WARNING: [Synth 8-6014] Unused sequential element vcount_reg was removed.  [/home/kammce/Documents/University/CMPE127/CMPE127-Toolkit/CMPE127-Toolkit.srcs/sources_1/new/VGA.v:492]
INFO: [Synth 8-5546] ROM "out" won't be mapped to RAM because it is too sparse
---------------------------------------------------------------------------------
Finished RTL Optimization Phase 2 : Time (s): cpu = 00:00:29 ; elapsed = 00:00:41 . Memory (MB): peak = 1633.211 ; gain = 460.090 ; free physical = 2189 ; free virtual = 22564
---------------------------------------------------------------------------------

Report RTL Partitions: 
+-+--------------+------------+----------+
| |RTL Partition |Replication |Instances |
+-+--------------+------------+----------+
+-+--------------+------------+----------+
---------------------------------------------------------------------------------
Start RTL Component Statistics 
---------------------------------------------------------------------------------
Detailed RTL Component Info : 
+---Adders : 
	   2 Input     16 Bit       Adders := 1     
+---Registers : 
	                1 Bit    Registers := 3     
+---Muxes : 
	 128 Input      8 Bit        Muxes := 16    
	   2 Input      1 Bit        Muxes := 3     
	 128 Input      1 Bit        Muxes := 1     
---------------------------------------------------------------------------------
Finished RTL Component Statistics 
---------------------------------------------------------------------------------
---------------------------------------------------------------------------------
Start RTL Hierarchical Component Statistics 
---------------------------------------------------------------------------------
Hierarchical RTL Component report 
Module PixelClock 
Detailed RTL Component Info : 
+---Adders : 
	   2 Input     16 Bit       Adders := 1     
+---Registers : 
	                1 Bit    Registers := 1     
Module VGA 
Detailed RTL Component Info : 
+---Registers : 
	                1 Bit    Registers := 2     
+---Muxes : 
	   2 Input      1 Bit        Muxes := 2     
Module FontROM 
Detailed RTL Component Info : 
+---Muxes : 
	 128 Input      8 Bit        Muxes := 16    
	 128 Input      1 Bit        Muxes := 1     
	   2 Input      1 Bit        Muxes := 1     
---------------------------------------------------------------------------------
Finished RTL Hierarchical Component Statistics
---------------------------------------------------------------------------------
---------------------------------------------------------------------------------
Start Part Resource Summary
---------------------------------------------------------------------------------
Part Resources:
DSPs: 240 (col length:80)
BRAMs: 270 (col length: RAMB18 80 RAMB36 40)
---------------------------------------------------------------------------------
Finished Part Resource Summary
---------------------------------------------------------------------------------
---------------------------------------------------------------------------------
Start Cross Boundary and Area Optimization
---------------------------------------------------------------------------------
WARNING: [Synth 8-6014] Unused sequential element U0/count_reg was removed.  [/home/kammce/Documents/University/CMPE127/CMPE127-Toolkit/CMPE127-Toolkit.srcs/sources_1/new/VGA.v:446]
WARNING: [Synth 8-6014] Unused sequential element U1/hcount_reg was removed.  [/home/kammce/Documents/University/CMPE127/CMPE127-Toolkit/CMPE127-Toolkit.srcs/sources_1/new/VGA.v:487]
WARNING: [Synth 8-6014] Unused sequential element U1/vcount_reg was removed.  [/home/kammce/Documents/University/CMPE127/CMPE127-Toolkit/CMPE127-Toolkit.srcs/sources_1/new/VGA.v:492]
INFO: [Synth 8-3886] merging instance 'term/rom/out_reg[15][7]' (FDE_1) to 'term/rom/out_reg[15][0]'
INFO: [Synth 8-3886] merging instance 'term/rom/out_reg[0][7]' (FDE_1) to 'term/rom/out_reg[0][0]'
INFO: [Synth 8-3886] merging instance 'term/rom/out_reg[15][6]' (FDE_1) to 'term/rom/out_reg[15][0]'
INFO: [Synth 8-3886] merging instance 'term/rom/out_reg[1][6]' (FDE_1) to 'term/rom/out_reg[1][2]'
INFO: [Synth 8-3886] merging instance 'term/rom/out_reg[0][6]' (FDE_1) to 'term/rom/out_reg[0][0]'
INFO: [Synth 8-3886] merging instance 'term/rom/out_reg[15][5]' (FDE_1) to 'term/rom/out_reg[15][0]'
INFO: [Synth 8-3886] merging instance 'term/rom/out_reg[15][4]' (FDE_1) to 'term/rom/out_reg[15][0]'
INFO: [Synth 8-3886] merging instance 'term/rom/out_reg[15][3]' (FDE_1) to 'term/rom/out_reg[15][0]'
INFO: [Synth 8-3886] merging instance 'term/rom/out_reg[15][2]' (FDE_1) to 'term/rom/out_reg[15][0]'
INFO: [Synth 8-3886] merging instance 'term/rom/out_reg[0][2]' (FDE_1) to 'term/rom/out_reg[0][0]'
INFO: [Synth 8-3886] merging instance 'term/rom/out_reg[15][1]' (FDE_1) to 'term/rom/out_reg[15][0]'
INFO: [Synth 8-3886] merging instance 'term/rom/out_reg[0][1]' (FDE_1) to 'term/rom/out_reg[0][0]'
INFO: [Synth 8-3886] merging instance 'term/rom/out_reg[15][0]' (FDE_1) to 'term/rom/out_reg[0][0]'
INFO: [Synth 8-3886] merging instance 'term/rom/out_reg[14][0]' (FDE_1) to 'term/rom/out_reg[0][0]'
INFO: [Synth 8-3886] merging instance 'term/rom/out_reg[12][0]' (FDE_1) to 'term/rom/out_reg[0][0]'
INFO: [Synth 8-3886] merging instance 'term/rom/out_reg[1][0]' (FDE_1) to 'term/rom/out_reg[0][0]'
---------------------------------------------------------------------------------
Finished Cross Boundary and Area Optimization : Time (s): cpu = 00:00:36 ; elapsed = 00:00:50 . Memory (MB): peak = 1633.211 ; gain = 460.090 ; free physical = 2157 ; free virtual = 22532
---------------------------------------------------------------------------------
---------------------------------------------------------------------------------
Start ROM, RAM, DSP and Shift Register Reporting
---------------------------------------------------------------------------------

ROM:
+------------+------------+---------------+----------------+
|Module Name | RTL Object | Depth x Width | Implemented As | 
+------------+------------+---------------+----------------+
|FontROM     | out        | 128x8         | LUT            | 
|FontROM     | out        | 128x8         | LUT            | 
|FontROM     | out        | 128x8         | LUT            | 
|FontROM     | out        | 128x8         | LUT            | 
|FontROM     | out        | 128x8         | LUT            | 
|FontROM     | out        | 128x8         | LUT            | 
|FontROM     | out        | 128x8         | LUT            | 
|FontROM     | out        | 128x8         | LUT            | 
|FontROM     | out        | 128x8         | LUT            | 
|FontROM     | out        | 128x8         | LUT            | 
+------------+------------+---------------+----------------+

---------------------------------------------------------------------------------
Finished ROM, RAM, DSP and Shift Register Reporting
---------------------------------------------------------------------------------

Report RTL Partitions: 
+-+--------------+------------+----------+
| |RTL Partition |Replication |Instances |
+-+--------------+------------+----------+
+-+--------------+------------+----------+
---------------------------------------------------------------------------------
Start Applying XDC Timing Constraints
---------------------------------------------------------------------------------
---------------------------------------------------------------------------------
Finished Applying XDC Timing Constraints : Time (s): cpu = 00:00:43 ; elapsed = 00:00:59 . Memory (MB): peak = 1633.211 ; gain = 460.090 ; free physical = 2039 ; free virtual = 22414
---------------------------------------------------------------------------------
---------------------------------------------------------------------------------
Start Timing Optimization
---------------------------------------------------------------------------------
---------------------------------------------------------------------------------
Finished Timing Optimization : Time (s): cpu = 00:00:43 ; elapsed = 00:00:59 . Memory (MB): peak = 1633.211 ; gain = 460.090 ; free physical = 2035 ; free virtual = 22410
---------------------------------------------------------------------------------

Report RTL Partitions: 
+-+--------------+------------+----------+
| |RTL Partition |Replication |Instances |
+-+--------------+------------+----------+
+-+--------------+------------+----------+
---------------------------------------------------------------------------------
Start Technology Mapping
---------------------------------------------------------------------------------
---------------------------------------------------------------------------------
Finished Technology Mapping : Time (s): cpu = 00:00:43 ; elapsed = 00:00:59 . Memory (MB): peak = 1634.219 ; gain = 461.098 ; free physical = 2035 ; free virtual = 22410
---------------------------------------------------------------------------------

Report RTL Partitions: 
+-+--------------+------------+----------+
| |RTL Partition |Replication |Instances |
+-+--------------+------------+----------+
+-+--------------+------------+----------+
---------------------------------------------------------------------------------
Start IO Insertion
---------------------------------------------------------------------------------
---------------------------------------------------------------------------------
Start Flattening Before IO Insertion
---------------------------------------------------------------------------------
---------------------------------------------------------------------------------
Finished Flattening Before IO Insertion
---------------------------------------------------------------------------------
---------------------------------------------------------------------------------
Start Final Netlist Cleanup
---------------------------------------------------------------------------------
---------------------------------------------------------------------------------
Finished Final Netlist Cleanup
---------------------------------------------------------------------------------
---------------------------------------------------------------------------------
Finished IO Insertion : Time (s): cpu = 00:00:44 ; elapsed = 00:01:00 . Memory (MB): peak = 1634.219 ; gain = 461.098 ; free physical = 2035 ; free virtual = 22410
---------------------------------------------------------------------------------

Report Check Netlist: 
+------+------------------+-------+---------+-------+------------------+
|      |Item              |Errors |Warnings |Status |Description       |
+------+------------------+-------+---------+-------+------------------+
|1     |multi_driven_nets |      0|        0|Passed |Multi driven nets |
+------+------------------+-------+---------+-------+------------------+
---------------------------------------------------------------------------------
Start Renaming Generated Instances
---------------------------------------------------------------------------------
---------------------------------------------------------------------------------
Finished Renaming Generated Instances : Time (s): cpu = 00:00:44 ; elapsed = 00:01:00 . Memory (MB): peak = 1634.219 ; gain = 461.098 ; free physical = 2035 ; free virtual = 22410
---------------------------------------------------------------------------------

Report RTL Partitions: 
+-+--------------+------------+----------+
| |RTL Partition |Replication |Instances |
+-+--------------+------------+----------+
+-+--------------+------------+----------+
---------------------------------------------------------------------------------
Start Rebuilding User Hierarchy
---------------------------------------------------------------------------------
---------------------------------------------------------------------------------
Finished Rebuilding User Hierarchy : Time (s): cpu = 00:00:44 ; elapsed = 00:01:00 . Memory (MB): peak = 1634.219 ; gain = 461.098 ; free physical = 2035 ; free virtual = 22410
---------------------------------------------------------------------------------
---------------------------------------------------------------------------------
Start Renaming Generated Ports
---------------------------------------------------------------------------------
---------------------------------------------------------------------------------
Finished Renaming Generated Ports : Time (s): cpu = 00:00:44 ; elapsed = 00:01:00 . Memory (MB): peak = 1634.219 ; gain = 461.098 ; free physical = 2035 ; free virtual = 22410
---------------------------------------------------------------------------------
---------------------------------------------------------------------------------
Start Handling Custom Attributes
---------------------------------------------------------------------------------
---------------------------------------------------------------------------------
Finished Handling Custom Attributes : Time (s): cpu = 00:00:44 ; elapsed = 00:01:00 . Memory (MB): peak = 1634.219 ; gain = 461.098 ; free physical = 2035 ; free virtual = 22410
---------------------------------------------------------------------------------
---------------------------------------------------------------------------------
Start Renaming Generated Nets
---------------------------------------------------------------------------------
---------------------------------------------------------------------------------
Finished Renaming Generated Nets : Time (s): cpu = 00:00:44 ; elapsed = 00:01:00 . Memory (MB): peak = 1634.219 ; gain = 461.098 ; free physical = 2035 ; free virtual = 22410
---------------------------------------------------------------------------------
---------------------------------------------------------------------------------
Start Writing Synthesis Report
---------------------------------------------------------------------------------

Report BlackBoxes: 
+-+--------------+----------+
| |BlackBox name |Instances |
+-+--------------+----------+
+-+--------------+----------+

Report Cell Usage: 
+------+-------+------+
|      |Cell   |Count |
+------+-------+------+
|1     |BUFG   |     2|
|2     |CARRY4 |    24|
|3     |LUT1   |     3|
|4     |LUT2   |    14|
|5     |LUT3   |    47|
|6     |LUT4   |    20|
|7     |LUT5   |    36|
|8     |LUT6   |   246|
|9     |MUXF7  |    86|
|10    |MUXF8  |     7|
|11    |FDCE   |    83|
|12    |FDRE   |   112|
|13    |IBUF   |     2|
|14    |OBUF   |    14|
+------+-------+------+

Report Instance Areas: 
+------+---------+---------------+------+
|      |Instance |Module         |Cells |
+------+---------+---------------+------+
|1     |top      |               |   696|
|2     |  U0     |PixelClock     |    47|
|3     |  U1     |VGA            |   383|
|4     |  term   |TerminalModule |   248|
|5     |    rom  |FontROM        |   248|
+------+---------+---------------+------+
---------------------------------------------------------------------------------
Finished Writing Synthesis Report : Time (s): cpu = 00:00:44 ; elapsed = 00:01:00 . Memory (MB): peak = 1634.219 ; gain = 461.098 ; free physical = 2035 ; free virtual = 22410
---------------------------------------------------------------------------------
Synthesis finished with 0 errors, 0 critical warnings and 6 warnings.
Synthesis Optimization Runtime : Time (s): cpu = 00:00:36 ; elapsed = 00:00:41 . Memory (MB): peak = 1634.219 ; gain = 120.535 ; free physical = 2089 ; free virtual = 22464
Synthesis Optimization Complete : Time (s): cpu = 00:00:44 ; elapsed = 00:01:00 . Memory (MB): peak = 1634.227 ; gain = 461.098 ; free physical = 2089 ; free virtual = 22464
INFO: [Project 1-571] Translating synthesized netlist
INFO: [Netlist 29-17] Analyzing 119 Unisim elements for replacement
INFO: [Netlist 29-28] Unisim Transformation completed in 0 CPU seconds
INFO: [Project 1-570] Preparing netlist for logic optimization
INFO: [Opt 31-138] Pushed 0 inverter(s) to 0 load pin(s).
INFO: [Project 1-111] Unisim Transformation Summary:
No Unisim elements were transformed.

INFO: [Common 17-83] Releasing license: Synthesis
43 Infos, 127 Warnings, 1 Critical Warnings and 0 Errors encountered.
synth_design completed successfully
synth_design: Time (s): cpu = 00:00:46 ; elapsed = 00:01:01 . Memory (MB): peak = 1634.227 ; gain = 474.480 ; free physical = 2086 ; free virtual = 22461
INFO: [Common 17-1381] The checkpoint '/home/kammce/Documents/University/CMPE127/CMPE127-Toolkit/CMPE127-Toolkit.runs/synth_2/VGA_TOP.dcp' has been generated.
INFO: [runtcl-4] Executing : report_utilization -file VGA_TOP_utilization_synth.rpt -pb VGA_TOP_utilization_synth.pb
report_utilization: Time (s): cpu = 00:00:00.11 ; elapsed = 00:00:00.14 . Memory (MB): peak = 1658.230 ; gain = 0.000 ; free physical = 2084 ; free virtual = 22459
INFO: [Common 17-206] Exiting Vivado at Wed Feb 14 09:10:27 2018...
