Copyright 1986-2017 Xilinx, Inc. All Rights Reserved.
------------------------------------------------------------------------------------
| Tool Version : Vivado v.2017.3 (lin64) Build 2018833 Wed Oct  4 19:58:07 MDT 2017
| Date         : Wed Feb 14 09:11:29 2018
| Host         : kammce-Lenovo-Y40-80 running 64-bit Ubuntu 16.04.3 LTS
| Command      : report_control_sets -file VGA_TOP_control_sets_placed.rpt
| Design       : VGA_TOP
| Device       : xc7a100t
------------------------------------------------------------------------------------

Control Set Information

Table of Contents
-----------------
1. Summary
2. Flip-Flop Distribution

1. Summary
----------

+-------------------------------+-------+
|             Status            | Count |
+-------------------------------+-------+
| Number of unique control sets |     7 |
+-------------------------------+-------+


2. Flip-Flop Distribution
-------------------------

+--------------+-----------------------+------------------------+-----------------+--------------+
| Clock Enable | Synchronous Set/Reset | Asynchronous Set/Reset | Total Registers | Total Slices |
+--------------+-----------------------+------------------------+-----------------+--------------+
| No           | No                    | No                     |               0 |            0 |
| No           | No                    | Yes                    |              49 |           13 |
| No           | Yes                   | No                     |               0 |            0 |
| Yes          | No                    | No                     |             106 |           54 |
| Yes          | No                    | Yes                    |              34 |           10 |
| Yes          | Yes                   | No                     |               6 |            4 |
+--------------+-----------------------+------------------------+-----------------+--------------+


