Copyright 1986-2017 Xilinx, Inc. All Rights Reserved.
-----------------------------------------------------------------------------------------------------------------------------------------
| Tool Version : Vivado v.2017.3 (lin64) Build 2018833 Wed Oct  4 19:58:07 MDT 2017
| Date         : Wed Feb 14 09:11:55 2018
| Host         : kammce-Lenovo-Y40-80 running 64-bit Ubuntu 16.04.3 LTS
| Command      : report_timing_summary -file VGA_TOP_timing_summary_routed.rpt -warn_on_violation -rpx VGA_TOP_timing_summary_routed.rpx
| Design       : VGA_TOP
| Device       : 7a100t-csg324
| Speed File   : -1  PRODUCTION 1.19 2017-08-11
-----------------------------------------------------------------------------------------------------------------------------------------

Timing Summary Report

------------------------------------------------------------------------------------------------
| Timer Settings
| --------------
------------------------------------------------------------------------------------------------

  Enable Multi Corner Analysis               :  Yes
  Enable Pessimism Removal                   :  Yes
  Pessimism Removal Resolution               :  Nearest Common Node
  Enable Input Delay Default Clock           :  No
  Enable Preset / Clear Arcs                 :  No
  Disable Flight Delays                      :  No
  Ignore I/O Paths                           :  No
  Timing Early Launch at Borrowing Latches   :  false

  Corner  Analyze    Analyze    
  Name    Max Paths  Min Paths  
  ------  ---------  ---------  
  Slow    Yes        Yes        
  Fast    Yes        Yes        



check_timing report

Table of Contents
-----------------
1. checking no_clock
2. checking constant_clock
3. checking pulse_width_clock
4. checking unconstrained_internal_endpoints
5. checking no_input_delay
6. checking no_output_delay
7. checking multiple_clock
8. checking generated_clocks
9. checking loops
10. checking partial_input_delay
11. checking partial_output_delay
12. checking latch_loops

1. checking no_clock
--------------------
 There are 178 register/latch pins with no clock driven by root clock pin: U0/pclk_reg/Q (HIGH)


2. checking constant_clock
--------------------------
 There are 0 register/latch pins with constant_clock.


3. checking pulse_width_clock
-----------------------------
 There are 0 register/latch pins which need pulse_width check


4. checking unconstrained_internal_endpoints
--------------------------------------------
 There are 396 pins that are not constrained for maximum delay. (HIGH)

 There are 0 pins that are not constrained for maximum delay due to constant clock.


5. checking no_input_delay
--------------------------
 There is 1 input port with no input delay specified. (HIGH)

 There are 0 input ports with no input delay but user has a false path constraint.


6. checking no_output_delay
---------------------------
 There are 6 ports with no output delay specified. (HIGH)

 There are 0 ports with no output delay but user has a false path constraint

 There are 0 ports with no output delay but with a timing clock defined on it or propagating through it


7. checking multiple_clock
--------------------------
 There are 0 register/latch pins with multiple clocks.


8. checking generated_clocks
----------------------------
 There are 0 generated clocks that are not connected to a clock source.


9. checking loops
-----------------
 There are 0 combinational loops in the design.


10. checking partial_input_delay
--------------------------------
 There are 0 input ports with partial input delay specified.


11. checking partial_output_delay
---------------------------------
 There are 0 ports with partial output delay specified.


12. checking latch_loops
------------------------
 There are 0 combinational latch loops in the design through latch input



------------------------------------------------------------------------------------------------
| Design Timing Summary
| ---------------------
------------------------------------------------------------------------------------------------

    WNS(ns)      TNS(ns)  TNS Failing Endpoints  TNS Total Endpoints      WHS(ns)      THS(ns)  THS Failing Endpoints  THS Total Endpoints     WPWS(ns)     TPWS(ns)  TPWS Failing Endpoints  TPWS Total Endpoints  
    -------      -------  ---------------------  -------------------      -------      -------  ---------------------  -------------------     --------     --------  ----------------------  --------------------  
      3.806        0.000                      0                   17        0.317        0.000                      0                   17        4.500        0.000                       0                    18  


All user specified timing constraints are met.


------------------------------------------------------------------------------------------------
| Clock Summary
| -------------
------------------------------------------------------------------------------------------------

Clock        Waveform(ns)       Period(ns)      Frequency(MHz)
-----        ------------       ----------      --------------
sys_clk_pin  {0.000 5.000}      10.000          100.000         


------------------------------------------------------------------------------------------------
| Intra Clock Table
| -----------------
------------------------------------------------------------------------------------------------

Clock             WNS(ns)      TNS(ns)  TNS Failing Endpoints  TNS Total Endpoints      WHS(ns)      THS(ns)  THS Failing Endpoints  THS Total Endpoints     WPWS(ns)     TPWS(ns)  TPWS Failing Endpoints  TPWS Total Endpoints  
-----             -------      -------  ---------------------  -------------------      -------      -------  ---------------------  -------------------     --------     --------  ----------------------  --------------------  
sys_clk_pin         3.806        0.000                      0                   17        0.317        0.000                      0                   17        4.500        0.000                       0                    18  


------------------------------------------------------------------------------------------------
| Inter Clock Table
| -----------------
------------------------------------------------------------------------------------------------

From Clock    To Clock          WNS(ns)      TNS(ns)  TNS Failing Endpoints  TNS Total Endpoints      WHS(ns)      THS(ns)  THS Failing Endpoints  THS Total Endpoints  
----------    --------          -------      -------  ---------------------  -------------------      -------      -------  ---------------------  -------------------  


------------------------------------------------------------------------------------------------
| Other Path Groups Table
| -----------------------
------------------------------------------------------------------------------------------------

Path Group    From Clock    To Clock          WNS(ns)      TNS(ns)  TNS Failing Endpoints  TNS Total Endpoints      WHS(ns)      THS(ns)  THS Failing Endpoints  THS Total Endpoints  
----------    ----------    --------          -------      -------  ---------------------  -------------------      -------      -------  ---------------------  -------------------  


------------------------------------------------------------------------------------------------
| Timing Details
| --------------
------------------------------------------------------------------------------------------------


---------------------------------------------------------------------------------------------------
From Clock:  sys_clk_pin
  To Clock:  sys_clk_pin

Setup :            0  Failing Endpoints,  Worst Slack        3.806ns,  Total Violation        0.000ns
Hold  :            0  Failing Endpoints,  Worst Slack        0.317ns,  Total Violation        0.000ns
PW    :            0  Failing Endpoints,  Worst Slack        4.500ns,  Total Violation        0.000ns
---------------------------------------------------------------------------------------------------


Max Delay Paths
--------------------------------------------------------------------------------------
Slack (MET) :             3.806ns  (required time - arrival time)
  Source:                 U0/count_reg[0]/C
                            (rising edge-triggered cell FDCE clocked by sys_clk_pin  {rise@0.000ns fall@5.000ns period=10.000ns})
  Destination:            U0/count_reg[13]/D
                            (rising edge-triggered cell FDCE clocked by sys_clk_pin  {rise@0.000ns fall@5.000ns period=10.000ns})
  Path Group:             sys_clk_pin
  Path Type:              Setup (Max at Slow Process Corner)
  Requirement:            10.000ns  (sys_clk_pin rise@10.000ns - sys_clk_pin rise@0.000ns)
  Data Path Delay:        6.201ns  (logic 3.033ns (48.914%)  route 3.168ns (51.086%))
  Logic Levels:           9  (CARRY4=6 LUT3=1 LUT4=1 LUT6=1)
  Clock Path Skew:        -0.020ns (DCD - SCD + CPR)
    Destination Clock Delay (DCD):    4.937ns = ( 14.937 - 10.000 ) 
    Source Clock Delay      (SCD):    5.233ns
    Clock Pessimism Removal (CPR):    0.276ns
  Clock Uncertainty:      0.035ns  ((TSJ^2 + TIJ^2)^1/2 + DJ) / 2 + PE
    Total System Jitter     (TSJ):    0.071ns
    Total Input Jitter      (TIJ):    0.000ns
    Discrete Jitter          (DJ):    0.000ns
    Phase Error              (PE):    0.000ns

    Location             Delay type                Incr(ns)  Path(ns)    Netlist Resource(s)
  -------------------------------------------------------------------    -------------------
                         (clock sys_clk_pin rise edge)
                                                      0.000     0.000 r  
    E3                                                0.000     0.000 r  clk (IN)
                         net (fo=0)                   0.000     0.000    clk
    E3                   IBUF (Prop_ibuf_I_O)         1.482     1.482 r  clk_IBUF_inst/O
                         net (fo=1, routed)           2.025     3.506    clk_IBUF
    BUFGCTRL_X0Y16       BUFG (Prop_bufg_I_O)         0.096     3.602 r  clk_IBUF_BUFG_inst/O
                         net (fo=17, routed)          1.630     5.233    U0/clk_IBUF_BUFG
    SLICE_X32Y81         FDCE                                         r  U0/count_reg[0]/C
  -------------------------------------------------------------------    -------------------
    SLICE_X32Y81         FDCE (Prop_fdce_C_Q)         0.456     5.689 r  U0/count_reg[0]/Q
                         net (fo=19, routed)          0.754     6.443    U0/count_reg[0]
    SLICE_X33Y81         CARRY4 (Prop_carry4_CYINIT_CO[3])
                                                      0.580     7.023 r  U0/count2_carry/CO[3]
                         net (fo=1, routed)           0.000     7.023    U0/count2_carry_n_0
    SLICE_X33Y82         CARRY4 (Prop_carry4_CI_O[1])
                                                      0.334     7.357 r  U0/count2_carry__0/O[1]
                         net (fo=1, routed)           0.989     8.346    U0/count2[6]
    SLICE_X34Y82         LUT4 (Prop_lut4_I3_O)        0.303     8.649 r  U0/pclk_i_4/O
                         net (fo=1, routed)           0.587     9.236    U0/pclk_i_4_n_0
    SLICE_X31Y82         LUT6 (Prop_lut6_I1_O)        0.124     9.360 r  U0/pclk_i_2/O
                         net (fo=17, routed)          0.838    10.197    U0/pclk_i_2_n_0
    SLICE_X32Y81         LUT3 (Prop_lut3_I1_O)        0.124    10.321 r  U0/count[0]_i_5/O
                         net (fo=1, routed)           0.000    10.321    U0/count[0]_i_5_n_0
    SLICE_X32Y81         CARRY4 (Prop_carry4_S[1]_CO[3])
                                                      0.550    10.871 r  U0/count_reg[0]_i_1/CO[3]
                         net (fo=1, routed)           0.000    10.871    U0/count_reg[0]_i_1_n_0
    SLICE_X32Y82         CARRY4 (Prop_carry4_CI_CO[3])
                                                      0.114    10.985 r  U0/count_reg[4]_i_1/CO[3]
                         net (fo=1, routed)           0.000    10.985    U0/count_reg[4]_i_1_n_0
    SLICE_X32Y83         CARRY4 (Prop_carry4_CI_CO[3])
                                                      0.114    11.099 r  U0/count_reg[8]_i_1/CO[3]
                         net (fo=1, routed)           0.000    11.099    U0/count_reg[8]_i_1_n_0
    SLICE_X32Y84         CARRY4 (Prop_carry4_CI_O[1])
                                                      0.334    11.433 r  U0/count_reg[12]_i_1/O[1]
                         net (fo=1, routed)           0.000    11.433    U0/count_reg[12]_i_1_n_6
    SLICE_X32Y84         FDCE                                         r  U0/count_reg[13]/D
  -------------------------------------------------------------------    -------------------

                         (clock sys_clk_pin rise edge)
                                                     10.000    10.000 r  
    E3                                                0.000    10.000 r  clk (IN)
                         net (fo=0)                   0.000    10.000    clk
    E3                   IBUF (Prop_ibuf_I_O)         1.411    11.411 r  clk_IBUF_inst/O
                         net (fo=1, routed)           1.920    13.331    clk_IBUF
    BUFGCTRL_X0Y16       BUFG (Prop_bufg_I_O)         0.091    13.422 r  clk_IBUF_BUFG_inst/O
                         net (fo=17, routed)          1.514    14.937    U0/clk_IBUF_BUFG
    SLICE_X32Y84         FDCE                                         r  U0/count_reg[13]/C
                         clock pessimism              0.276    15.213    
                         clock uncertainty           -0.035    15.177    
    SLICE_X32Y84         FDCE (Setup_fdce_C_D)        0.062    15.239    U0/count_reg[13]
  -------------------------------------------------------------------
                         required time                         15.239    
                         arrival time                         -11.433    
  -------------------------------------------------------------------
                         slack                                  3.806    





Min Delay Paths
--------------------------------------------------------------------------------------
Slack (MET) :             0.317ns  (arrival time - required time)
  Source:                 U0/count_reg[11]/C
                            (rising edge-triggered cell FDCE clocked by sys_clk_pin  {rise@0.000ns fall@5.000ns period=10.000ns})
  Destination:            U0/count_reg[11]/D
                            (rising edge-triggered cell FDCE clocked by sys_clk_pin  {rise@0.000ns fall@5.000ns period=10.000ns})
  Path Group:             sys_clk_pin
  Path Type:              Hold (Min at Fast Process Corner)
  Requirement:            0.000ns  (sys_clk_pin rise@0.000ns - sys_clk_pin rise@0.000ns)
  Data Path Delay:        0.422ns  (logic 0.249ns (58.995%)  route 0.173ns (41.005%))
  Logic Levels:           2  (CARRY4=1 LUT3=1)
  Clock Path Skew:        0.000ns (DCD - SCD - CPR)
    Destination Clock Delay (DCD):    2.000ns
    Source Clock Delay      (SCD):    1.485ns
    Clock Pessimism Removal (CPR):    0.514ns

    Location             Delay type                Incr(ns)  Path(ns)    Netlist Resource(s)
  -------------------------------------------------------------------    -------------------
                         (clock sys_clk_pin rise edge)
                                                      0.000     0.000 r  
    E3                                                0.000     0.000 r  clk (IN)
                         net (fo=0)                   0.000     0.000    clk
    E3                   IBUF (Prop_ibuf_I_O)         0.250     0.250 r  clk_IBUF_inst/O
                         net (fo=1, routed)           0.644     0.894    clk_IBUF
    BUFGCTRL_X0Y16       BUFG (Prop_bufg_I_O)         0.026     0.920 r  clk_IBUF_BUFG_inst/O
                         net (fo=17, routed)          0.566     1.485    U0/clk_IBUF_BUFG
    SLICE_X32Y83         FDCE                                         r  U0/count_reg[11]/C
  -------------------------------------------------------------------    -------------------
    SLICE_X32Y83         FDCE (Prop_fdce_C_Q)         0.141     1.626 r  U0/count_reg[11]/Q
                         net (fo=2, routed)           0.173     1.799    U0/count_reg[11]
    SLICE_X32Y83         LUT3 (Prop_lut3_I0_O)        0.045     1.844 r  U0/count[8]_i_2/O
                         net (fo=1, routed)           0.000     1.844    U0/count[8]_i_2_n_0
    SLICE_X32Y83         CARRY4 (Prop_carry4_S[3]_O[3])
                                                      0.063     1.907 r  U0/count_reg[8]_i_1/O[3]
                         net (fo=1, routed)           0.000     1.907    U0/count_reg[8]_i_1_n_4
    SLICE_X32Y83         FDCE                                         r  U0/count_reg[11]/D
  -------------------------------------------------------------------    -------------------

                         (clock sys_clk_pin rise edge)
                                                      0.000     0.000 r  
    E3                                                0.000     0.000 r  clk (IN)
                         net (fo=0)                   0.000     0.000    clk
    E3                   IBUF (Prop_ibuf_I_O)         0.438     0.438 r  clk_IBUF_inst/O
                         net (fo=1, routed)           0.699     1.136    clk_IBUF
    BUFGCTRL_X0Y16       BUFG (Prop_bufg_I_O)         0.029     1.165 r  clk_IBUF_BUFG_inst/O
                         net (fo=17, routed)          0.835     2.000    U0/clk_IBUF_BUFG
    SLICE_X32Y83         FDCE                                         r  U0/count_reg[11]/C
                         clock pessimism             -0.514     1.485    
    SLICE_X32Y83         FDCE (Hold_fdce_C_D)         0.105     1.590    U0/count_reg[11]
  -------------------------------------------------------------------
                         required time                         -1.590    
                         arrival time                           1.907    
  -------------------------------------------------------------------
                         slack                                  0.317    





Pulse Width Checks
--------------------------------------------------------------------------------------
Clock Name:         sys_clk_pin
Waveform(ns):       { 0.000 5.000 }
Period(ns):         10.000
Sources:            { clk }

Check Type        Corner  Lib Pin  Reference Pin  Required(ns)  Actual(ns)  Slack(ns)  Location        Pin
Min Period        n/a     BUFG/I   n/a            2.155         10.000      7.845      BUFGCTRL_X0Y16  clk_IBUF_BUFG_inst/I
Low Pulse Width   Slow    FDCE/C   n/a            0.500         5.000       4.500      SLICE_X32Y81    U0/count_reg[1]/C
High Pulse Width  Slow    FDCE/C   n/a            0.500         5.000       4.500      SLICE_X32Y83    U0/count_reg[10]/C



