INFO: [VRFC 10-2263] Analyzing Verilog file "/home/kammce/Documents/University/CMPE127/CMPE127-Toolkit/CMPE127-Toolkit.srcs/sources_1/new/Font.v" into library xil_defaultlib
INFO: [VRFC 10-311] analyzing module FontROM
INFO: [VRFC 10-2263] Analyzing Verilog file "/home/kammce/Documents/University/CMPE127/CMPE127-Toolkit/CMPE127-Toolkit.srcs/sources_1/new/GlueLogic.v" into library xil_defaultlib
INFO: [VRFC 10-311] analyzing module NOT
INFO: [VRFC 10-311] analyzing module TRIBUFFER
INFO: [VRFC 10-311] analyzing module AND
INFO: [VRFC 10-311] analyzing module OR
INFO: [VRFC 10-311] analyzing module XOR
INFO: [VRFC 10-311] analyzing module NAND
INFO: [VRFC 10-311] analyzing module NOR
INFO: [VRFC 10-311] analyzing module XNOR
INFO: [VRFC 10-311] analyzing module MUX
WARNING: [VRFC 10-756] identifier SELECT is used before its declaration [/home/kammce/Documents/University/CMPE127/CMPE127-Toolkit/CMPE127-Toolkit.srcs/sources_1/new/GlueLogic.v:117]
INFO: [VRFC 10-311] analyzing module DECODER
INFO: [VRFC 10-311] analyzing module ENCODER
INFO: [VRFC 10-311] analyzing module RSLATCH
INFO: [VRFC 10-311] analyzing module DLATCH
INFO: [VRFC 10-311] analyzing module TRIDLATCH
INFO: [VRFC 10-311] analyzing module DFLIPFLOP
INFO: [VRFC 10-311] analyzing module SHIFTREGISTER
INFO: [VRFC 10-311] analyzing module COUNTER
INFO: [VRFC 10-311] analyzing module Syncronizer
INFO: [VRFC 10-2263] Analyzing Verilog file "/home/kammce/Documents/University/CMPE127/CMPE127-Toolkit/CMPE127-Toolkit.srcs/sources_1/new/Keyboard.v" into library xil_defaultlib
INFO: [VRFC 10-311] analyzing module Keyboard
INFO: [VRFC 10-311] analyzing module KeyboardToASCIIROM
INFO: [VRFC 10-311] analyzing module Keyboard_DEMO
WARNING: [VRFC 10-756] identifier STATE_WIDTH is used before its declaration [/home/kammce/Documents/University/CMPE127/CMPE127-Toolkit/CMPE127-Toolkit.srcs/sources_1/new/Keyboard.v:264]
WARNING: [VRFC 10-756] identifier STATE_WIDTH is used before its declaration [/home/kammce/Documents/University/CMPE127/CMPE127-Toolkit/CMPE127-Toolkit.srcs/sources_1/new/Keyboard.v:276]
INFO: [VRFC 10-2263] Analyzing Verilog file "/home/kammce/Documents/University/CMPE127/CMPE127-Toolkit/CMPE127-Toolkit.srcs/sources_1/new/Memory.v" into library xil_defaultlib
INFO: [VRFC 10-311] analyzing module RAM
WARNING: [VRFC 10-756] identifier ADDRESS_WIDTH is used before its declaration [/home/kammce/Documents/University/CMPE127/CMPE127-Toolkit/CMPE127-Toolkit.srcs/sources_1/new/Memory.v:32]
INFO: [VRFC 10-2263] Analyzing Verilog file "/home/kammce/Documents/University/CMPE127/CMPE127-Toolkit/CMPE127-Toolkit.srcs/sources_1/new/VGA.v" into library xil_defaultlib
INFO: [VRFC 10-311] analyzing module VGA_Terminal_DEMO
INFO: [VRFC 10-311] analyzing module VGA_Terminal
INFO: [VRFC 10-311] analyzing module VGA_Terminal_Control_Unit
WARNING: [VRFC 10-1315] redeclaration of ansi port buffer_out_control is not allowed [/home/kammce/Documents/University/CMPE127/CMPE127-Toolkit/CMPE127-Toolkit.srcs/sources_1/new/VGA.v:391]
INFO: [VRFC 10-311] analyzing module DEMO_DEBUG_VALUE_GENERATOR
INFO: [VRFC 10-311] analyzing module ConvertXYToAddress
INFO: [VRFC 10-311] analyzing module PixelRender
INFO: [VRFC 10-311] analyzing module ColorModule
INFO: [VRFC 10-311] analyzing module PixelClock
INFO: [VRFC 10-311] analyzing module VGA
INFO: [VRFC 10-2263] Analyzing Verilog file "/home/kammce/Documents/University/CMPE127/CMPE127-Toolkit/CMPE127-Toolkit.srcs/sim_1/new/Test_VGA_Keyboard.v" into library xil_defaultlib
INFO: [VRFC 10-311] analyzing module Test_VGA_Keyboard
